<?xml version="1.0" encoding="UTF-8"?>
<coverage generated="1767884708188" clover="3.2.0">
  <project timestamp="1767884708188" name="All files">
    <metrics statements="12" coveredstatements="6" conditionals="0" coveredconditionals="0" methods="6" coveredmethods="2" elements="18" coveredelements="8" complexity="0" loc="12" ncloc="12" packages="1" files="1" classes="1"/>
    <file name="Contact.js" path="C:\Users\HP\FoodDeliveryScooter\src\components\Contact.js">
      <metrics statements="12" coveredstatements="6" conditionals="0" coveredconditionals="0" methods="6" coveredmethods="2"/>
      <line num="3" count="1" type="stmt"/>
      <line num="4" count="1" type="stmt"/>
      <line num="6" count="1" type="stmt"/>
      <line num="7" count="0" type="stmt"/>
      <line num="8" count="0" type="stmt"/>
      <line num="9" count="0" type="stmt"/>
      <line num="12" count="1" type="stmt"/>
      <line num="14" count="1" type="stmt"/>
      <line num="30" count="0" type="stmt"/>
      <line num="37" count="0" type="stmt"/>
      <line num="43" count="0" type="stmt"/>
      <line num="58" count="3" type="stmt"/>
    </file>
  </project>
</coverage>
