{"C:\\Users\\HP\\FoodDeliveryScooter\\src\\components\\Contact.js": {"path":"C:\\Users\\HP\\FoodDeliveryScooter\\src\\components\\Contact.js","statementMap":{"0":{"start":{"line":3,"column":16},"end":{"line":68,"column":1}},"1":{"start":{"line":4,"column":36},"end":{"line":4,"column":82}},"2":{"start":{"line":6,"column":25},"end":{"line":10,"column":5}},"3":{"start":{"line":7,"column":8},"end":{"line":7,"column":27}},"4":{"start":{"line":8,"column":8},"end":{"line":8,"column":65}},"5":{"start":{"line":9,"column":8},"end":{"line":9,"column":58}},"6":{"start":{"line":12,"column":24},"end":{"line":12,"column":224}},"7":{"start":{"line":14,"column":4},"end":{"line":67,"column":6}},"8":{"start":{"line":30,"column":45},"end":{"line":30,"column":93}},"9":{"start":{"line":37,"column":45},"end":{"line":37,"column":94}},"10":{"start":{"line":43,"column":45},"end":{"line":43,"column":96}},"11":{"start":{"line":58,"column":14},"end":{"line":61,"column":20}}},"fnMap":{"0":{"name":"(anonymous_0)","decl":{"start":{"line":3,"column":16},"end":{"line":3,"column":17}},"loc":{"start":{"line":3,"column":22},"end":{"line":68,"column":1}},"line":3},"1":{"name":"(anonymous_1)","decl":{"start":{"line":6,"column":25},"end":{"line":6,"column":26}},"loc":{"start":{"line":6,"column":32},"end":{"line":10,"column":5}},"line":6},"2":{"name":"(anonymous_2)","decl":{"start":{"line":30,"column":38},"end":{"line":30,"column":39}},"loc":{"start":{"line":30,"column":45},"end":{"line":30,"column":93}},"line":30},"3":{"name":"(anonymous_3)","decl":{"start":{"line":37,"column":38},"end":{"line":37,"column":39}},"loc":{"start":{"line":37,"column":45},"end":{"line":37,"column":94}},"line":37},"4":{"name":"(anonymous_4)","decl":{"start":{"line":43,"column":38},"end":{"line":43,"column":39}},"loc":{"start":{"line":43,"column":45},"end":{"line":43,"column":96}},"line":43},"5":{"name":"(anonymous_5)","decl":{"start":{"line":57,"column":18},"end":{"line":57,"column":19}},"loc":{"start":{"line":58,"column":14},"end":{"line":61,"column":20}},"line":58}},"branchMap":{},"s":{"0":1,"1":1,"2":1,"3":0,"4":0,"5":0,"6":1,"7":1,"8":0,"9":0,"10":0,"11":3},"f":{"0":1,"1":0,"2":0,"3":0,"4":0,"5":3},"b":{},"_coverageSchema":"1a1c01bbd47fc00a2c39e90264f33305004495a9","hash":"6bd6801fbfc66f611de0c5cc21ce444e3dc3f64a"}
}
